# Logfile created on 2014-02-02 16:53:31 -0600 by logger.rb/44203
I, [2014-02-02T16:53:31.577347 #3947]  INFO -- : 0:  daemons (1.1.9) from /usr/local/rvm/gems/ruby-2.1.0/specifications/daemons-1.1.9.gemspec
I, [2014-02-02T16:53:31.577728 #3947]  INFO -- : 0:  eventmachine (1.0.3) from /usr/local/rvm/gems/ruby-2.1.0/specifications/eventmachine-1.0.3.gemspec
I, [2014-02-02T16:53:31.577972 #3947]  INFO -- : 0:  rack (1.5.2) from /usr/local/rvm/gems/ruby-2.1.0/specifications/rack-1.5.2.gemspec
I, [2014-02-02T16:53:31.578223 #3947]  INFO -- : 0:  rack-protection (1.5.2) from /usr/local/rvm/gems/ruby-2.1.0/specifications/rack-protection-1.5.2.gemspec
I, [2014-02-02T16:53:31.578460 #3947]  INFO -- : 0:  tilt (1.4.1) from /usr/local/rvm/gems/ruby-2.1.0/specifications/tilt-1.4.1.gemspec
I, [2014-02-02T16:53:31.883115 #3947]  INFO -- : 0:  sinatra (1.4.4) from /usr/local/rvm/gems/ruby-2.1.0/bundler/gems/sinatra-184fe58ca587/sinatra.gemspec
I, [2014-02-02T16:53:31.883637 #3947]  INFO -- : 0:  thin (1.6.1) from /usr/local/rvm/gems/ruby-2.1.0/specifications/thin-1.6.1.gemspec
I, [2014-02-02T16:53:31.884089 #3947]  INFO -- : 0:  bundler (1.5.1) from /usr/local/rvm/gems/ruby-2.1.0@global/specifications/bundler-1.5.1.gemspec
I, [2014-02-02T19:19:22.700638 #4954]  INFO -- : 0:  daemons (1.1.9) from /usr/local/rvm/gems/ruby-2.1.0/specifications/daemons-1.1.9.gemspec
I, [2014-02-02T19:19:22.703545 #4954]  INFO -- : 0:  eventmachine (1.0.3) from /usr/local/rvm/gems/ruby-2.1.0/specifications/eventmachine-1.0.3.gemspec
I, [2014-02-02T19:19:22.704074 #4954]  INFO -- : 0:  rack (1.5.2) from /usr/local/rvm/gems/ruby-2.1.0/specifications/rack-1.5.2.gemspec
I, [2014-02-02T19:19:22.704568 #4954]  INFO -- : 0:  rack-protection (1.5.2) from /usr/local/rvm/gems/ruby-2.1.0/specifications/rack-protection-1.5.2.gemspec
I, [2014-02-02T19:19:22.704930 #4954]  INFO -- : 0:  tilt (1.4.1) from /usr/local/rvm/gems/ruby-2.1.0/specifications/tilt-1.4.1.gemspec
I, [2014-02-02T19:19:22.966734 #4954]  INFO -- : 0:  sinatra (1.4.4) from /usr/local/rvm/gems/ruby-2.1.0/bundler/gems/sinatra-184fe58ca587/sinatra.gemspec
I, [2014-02-02T19:19:22.967298 #4954]  INFO -- : 0:  temple (0.6.7) from /usr/local/rvm/gems/ruby-2.1.0/specifications/temple-0.6.7.gemspec
I, [2014-02-02T19:19:22.967859 #4954]  INFO -- : 0:  slim (2.0.2) from /usr/local/rvm/gems/ruby-2.1.0/specifications/slim-2.0.2.gemspec
I, [2014-02-02T19:19:22.968444 #4954]  INFO -- : 0:  thin (1.6.1) from /usr/local/rvm/gems/ruby-2.1.0/specifications/thin-1.6.1.gemspec
I, [2014-02-02T19:19:22.969007 #4954]  INFO -- : 0:  bundler (1.5.1) from /usr/local/rvm/gems/ruby-2.1.0@global/specifications/bundler-1.5.1.gemspec
I, [2014-02-03T10:28:17.815838 #1441]  INFO -- : 0:  daemons (1.1.9) from /usr/local/rvm/gems/ruby-2.1.0/specifications/daemons-1.1.9.gemspec
I, [2014-02-03T10:28:17.842001 #1441]  INFO -- : 0:  eventmachine (1.0.3) from /usr/local/rvm/gems/ruby-2.1.0/specifications/eventmachine-1.0.3.gemspec
I, [2014-02-03T10:28:17.842295 #1441]  INFO -- : 0:  rack (1.5.2) from /usr/local/rvm/gems/ruby-2.1.0/specifications/rack-1.5.2.gemspec
I, [2014-02-03T10:28:17.842566 #1441]  INFO -- : 0:  rack-protection (1.5.2) from /usr/local/rvm/gems/ruby-2.1.0/specifications/rack-protection-1.5.2.gemspec
I, [2014-02-03T10:28:17.842807 #1441]  INFO -- : 0:  tilt (1.4.1) from /usr/local/rvm/gems/ruby-2.1.0/specifications/tilt-1.4.1.gemspec
I, [2014-02-03T10:28:18.177353 #1441]  INFO -- : 0:  sinatra (1.4.4) from /usr/local/rvm/gems/ruby-2.1.0/bundler/gems/sinatra-184fe58ca587/sinatra.gemspec
I, [2014-02-03T10:28:19.970637 #1441]  INFO -- : 0:  sinatra-flash (0.3.0) from /usr/local/rvm/gems/ruby-2.1.0/specifications/sinatra-flash-0.3.0.gemspec
I, [2014-02-03T10:28:19.970962 #1441]  INFO -- : 0:  temple (0.6.7) from /usr/local/rvm/gems/ruby-2.1.0/specifications/temple-0.6.7.gemspec
I, [2014-02-03T10:28:19.971209 #1441]  INFO -- : 0:  slim (2.0.2) from /usr/local/rvm/gems/ruby-2.1.0/specifications/slim-2.0.2.gemspec
I, [2014-02-03T10:28:19.971451 #1441]  INFO -- : 0:  thin (1.6.1) from /usr/local/rvm/gems/ruby-2.1.0/specifications/thin-1.6.1.gemspec
I, [2014-02-03T10:28:19.971699 #1441]  INFO -- : 0:  bundler (1.5.1) from /usr/local/rvm/gems/ruby-2.1.0@global/specifications/bundler-1.5.1.gemspec
I, [2014-02-03T11:46:05.762590 #1721]  INFO -- : 0:  addressable (2.3.5) from /usr/local/rvm/gems/ruby-2.1.0/specifications/addressable-2.3.5.gemspec
I, [2014-02-03T11:46:05.794258 #1721]  INFO -- : 0:  backports (3.4.0) from /usr/local/rvm/gems/ruby-2.1.0/specifications/backports-3.4.0.gemspec
I, [2014-02-03T11:46:11.585215 #1721]  INFO -- : 0:  bcrypt-ruby (3.1.2) from /usr/local/rvm/gems/ruby-2.1.0/specifications/bcrypt-ruby-3.1.2.gemspec
I, [2014-02-03T11:46:11.585891 #1721]  INFO -- : 0:  daemons (1.1.9) from /usr/local/rvm/gems/ruby-2.1.0/specifications/daemons-1.1.9.gemspec
I, [2014-02-03T11:46:12.066086 #1721]  INFO -- : 0:  dm-core (1.2.1) from /usr/local/rvm/gems/ruby-2.1.0/specifications/dm-core-1.2.1.gemspec
I, [2014-02-03T11:46:12.113970 #1721]  INFO -- : 0:  dm-aggregates (1.2.0) from /usr/local/rvm/gems/ruby-2.1.0/specifications/dm-aggregates-1.2.0.gemspec
I, [2014-02-03T11:46:12.162534 #1721]  INFO -- : 0:  dm-constraints (1.2.0) from /usr/local/rvm/gems/ruby-2.1.0/specifications/dm-constraints-1.2.0.gemspec
I, [2014-02-03T11:46:12.203188 #1721]  INFO -- : 0:  dm-migrations (1.2.0) from /usr/local/rvm/gems/ruby-2.1.0/specifications/dm-migrations-1.2.0.gemspec
I, [2014-02-03T11:46:12.336720 #1721]  INFO -- : 0:  fastercsv (1.5.5) from /usr/local/rvm/gems/ruby-2.1.0/specifications/fastercsv-1.5.5.gemspec
I, [2014-02-03T11:46:12.337317 #1721]  INFO -- : 0:  json (1.8.1) from /usr/local/rvm/rubies/ruby-2.1.0/lib/ruby/gems/2.1.0/specifications/default/json-1.8.1.gemspec
I, [2014-02-03T11:46:15.762305 #1721]  INFO -- : 0:  json_pure (1.8.1) from /usr/local/rvm/gems/ruby-2.1.0/specifications/json_pure-1.8.1.gemspec
I, [2014-02-03T11:46:15.762863 #1721]  INFO -- : 0:  multi_json (1.8.4) from /usr/local/rvm/gems/ruby-2.1.0/specifications/multi_json-1.8.4.gemspec
I, [2014-02-03T11:46:15.815691 #1721]  INFO -- : 0:  dm-serializer (1.2.2) from /usr/local/rvm/gems/ruby-2.1.0/specifications/dm-serializer-1.2.2.gemspec
I, [2014-02-03T11:46:15.858331 #1721]  INFO -- : 0:  dm-timestamps (1.2.0) from /usr/local/rvm/gems/ruby-2.1.0/specifications/dm-timestamps-1.2.0.gemspec
I, [2014-02-03T11:46:15.877703 #1721]  INFO -- : 0:  dm-transactions (1.2.0) from /usr/local/rvm/gems/ruby-2.1.0/specifications/dm-transactions-1.2.0.gemspec
I, [2014-02-03T11:46:16.100890 #1721]  INFO -- : 0:  stringex (1.5.1) from /usr/local/rvm/gems/ruby-2.1.0/specifications/stringex-1.5.1.gemspec
I, [2014-02-03T11:46:16.262708 #1721]  INFO -- : 0:  uuidtools (2.1.4) from /usr/local/rvm/gems/ruby-2.1.0/specifications/uuidtools-2.1.4.gemspec
I, [2014-02-03T11:46:16.299530 #1721]  INFO -- : 0:  dm-types (1.2.2) from /usr/local/rvm/gems/ruby-2.1.0/specifications/dm-types-1.2.2.gemspec
I, [2014-02-03T11:46:16.400435 #1721]  INFO -- : 0:  dm-validations (1.2.0) from /usr/local/rvm/gems/ruby-2.1.0/specifications/dm-validations-1.2.0.gemspec
I, [2014-02-03T11:46:16.453972 #1721]  INFO -- : 0:  data_mapper (1.2.0) from /usr/local/rvm/gems/ruby-2.1.0/specifications/data_mapper-1.2.0.gemspec
I, [2014-02-03T11:46:16.697508 #1721]  INFO -- : 0:  data_objects (0.10.13) from /usr/local/rvm/gems/ruby-2.1.0/specifications/data_objects-0.10.13.gemspec
I, [2014-02-03T11:46:16.734497 #1721]  INFO -- : 0:  dm-do-adapter (1.2.0) from /usr/local/rvm/gems/ruby-2.1.0/specifications/dm-do-adapter-1.2.0.gemspec
I, [2014-02-03T11:46:18.198162 #1721]  INFO -- : 0:  do_sqlite3 (0.10.13) from /usr/local/rvm/gems/ruby-2.1.0/specifications/do_sqlite3-0.10.13.gemspec
I, [2014-02-03T11:46:18.227073 #1721]  INFO -- : 0:  dm-sqlite-adapter (1.2.0) from /usr/local/rvm/gems/ruby-2.1.0/specifications/dm-sqlite-adapter-1.2.0.gemspec
I, [2014-02-03T11:46:18.227467 #1721]  INFO -- : 0:  eventmachine (1.0.3) from /usr/local/rvm/gems/ruby-2.1.0/specifications/eventmachine-1.0.3.gemspec
I, [2014-02-03T11:46:18.227732 #1721]  INFO -- : 0:  rack (1.5.2) from /usr/local/rvm/gems/ruby-2.1.0/specifications/rack-1.5.2.gemspec
I, [2014-02-03T11:46:18.227988 #1721]  INFO -- : 0:  rack-protection (1.5.2) from /usr/local/rvm/gems/ruby-2.1.0/specifications/rack-protection-1.5.2.gemspec
I, [2014-02-03T11:46:18.228252 #1721]  INFO -- : 0:  rack-test (0.6.2) from /usr/local/rvm/gems/ruby-2.1.0/specifications/rack-test-0.6.2.gemspec
I, [2014-02-03T11:46:18.228501 #1721]  INFO -- : 0:  tilt (1.4.1) from /usr/local/rvm/gems/ruby-2.1.0/specifications/tilt-1.4.1.gemspec
I, [2014-02-03T11:46:18.569982 #1721]  INFO -- : 0:  sinatra (1.4.4) from /usr/local/rvm/gems/ruby-2.1.0/bundler/gems/sinatra-184fe58ca587/sinatra.gemspec
I, [2014-02-03T11:46:18.570603 #1721]  INFO -- : 0:  sinatra-contrib (1.4.2) from /usr/local/rvm/gems/ruby-2.1.0/specifications/sinatra-contrib-1.4.2.gemspec
I, [2014-02-03T11:46:18.571270 #1721]  INFO -- : 0:  sinatra-flash (0.3.0) from /usr/local/rvm/gems/ruby-2.1.0/specifications/sinatra-flash-0.3.0.gemspec
I, [2014-02-03T11:46:18.571895 #1721]  INFO -- : 0:  temple (0.6.7) from /usr/local/rvm/gems/ruby-2.1.0/specifications/temple-0.6.7.gemspec
I, [2014-02-03T11:46:18.572456 #1721]  INFO -- : 0:  slim (2.0.2) from /usr/local/rvm/gems/ruby-2.1.0/specifications/slim-2.0.2.gemspec
I, [2014-02-03T11:46:18.572911 #1721]  INFO -- : 0:  sqlite3 (1.3.8) from /usr/local/rvm/gems/ruby-2.1.0/specifications/sqlite3-1.3.8.gemspec
I, [2014-02-03T11:46:18.573365 #1721]  INFO -- : 0:  thin (1.6.1) from /usr/local/rvm/gems/ruby-2.1.0/specifications/thin-1.6.1.gemspec
I, [2014-02-03T11:46:18.573800 #1721]  INFO -- : 0:  bundler (1.5.1) from /usr/local/rvm/gems/ruby-2.1.0@global/specifications/bundler-1.5.1.gemspec
I, [2014-02-03T14:11:14.155483 #2352]  INFO -- : 0:  addressable (2.3.5) from /usr/local/rvm/gems/ruby-2.1.0/specifications/addressable-2.3.5.gemspec
I, [2014-02-03T14:11:14.177801 #2352]  INFO -- : 0:  backports (3.4.0) from /usr/local/rvm/gems/ruby-2.1.0/specifications/backports-3.4.0.gemspec
I, [2014-02-03T14:11:14.178335 #2352]  INFO -- : 0:  bcrypt-ruby (3.1.2) from /usr/local/rvm/gems/ruby-2.1.0/specifications/bcrypt-ruby-3.1.2.gemspec
I, [2014-02-03T14:11:14.178861 #2352]  INFO -- : 0:  daemons (1.1.9) from /usr/local/rvm/gems/ruby-2.1.0/specifications/daemons-1.1.9.gemspec
I, [2014-02-03T14:11:14.179391 #2352]  INFO -- : 0:  dm-core (1.2.1) from /usr/local/rvm/gems/ruby-2.1.0/specifications/dm-core-1.2.1.gemspec
I, [2014-02-03T14:11:14.179935 #2352]  INFO -- : 0:  dm-aggregates (1.2.0) from /usr/local/rvm/gems/ruby-2.1.0/specifications/dm-aggregates-1.2.0.gemspec
I, [2014-02-03T14:11:14.180505 #2352]  INFO -- : 0:  dm-constraints (1.2.0) from /usr/local/rvm/gems/ruby-2.1.0/specifications/dm-constraints-1.2.0.gemspec
I, [2014-02-03T14:11:14.181054 #2352]  INFO -- : 0:  dm-migrations (1.2.0) from /usr/local/rvm/gems/ruby-2.1.0/specifications/dm-migrations-1.2.0.gemspec
I, [2014-02-03T14:11:14.181584 #2352]  INFO -- : 0:  fastercsv (1.5.5) from /usr/local/rvm/gems/ruby-2.1.0/specifications/fastercsv-1.5.5.gemspec
I, [2014-02-03T14:11:14.181993 #2352]  INFO -- : 0:  json (1.8.1) from /usr/local/rvm/rubies/ruby-2.1.0/lib/ruby/gems/2.1.0/specifications/default/json-1.8.1.gemspec
I, [2014-02-03T14:11:14.182384 #2352]  INFO -- : 0:  json_pure (1.8.1) from /usr/local/rvm/gems/ruby-2.1.0/specifications/json_pure-1.8.1.gemspec
I, [2014-02-03T14:11:14.182827 #2352]  INFO -- : 0:  multi_json (1.8.4) from /usr/local/rvm/gems/ruby-2.1.0/specifications/multi_json-1.8.4.gemspec
I, [2014-02-03T14:11:14.183229 #2352]  INFO -- : 0:  dm-serializer (1.2.2) from /usr/local/rvm/gems/ruby-2.1.0/specifications/dm-serializer-1.2.2.gemspec
I, [2014-02-03T14:11:14.183617 #2352]  INFO -- : 0:  dm-timestamps (1.2.0) from /usr/local/rvm/gems/ruby-2.1.0/specifications/dm-timestamps-1.2.0.gemspec
I, [2014-02-03T14:11:14.183992 #2352]  INFO -- : 0:  dm-transactions (1.2.0) from /usr/local/rvm/gems/ruby-2.1.0/specifications/dm-transactions-1.2.0.gemspec
I, [2014-02-03T14:11:14.184376 #2352]  INFO -- : 0:  stringex (1.5.1) from /usr/local/rvm/gems/ruby-2.1.0/specifications/stringex-1.5.1.gemspec
I, [2014-02-03T14:11:14.184762 #2352]  INFO -- : 0:  uuidtools (2.1.4) from /usr/local/rvm/gems/ruby-2.1.0/specifications/uuidtools-2.1.4.gemspec
I, [2014-02-03T14:11:14.185179 #2352]  INFO -- : 0:  dm-types (1.2.2) from /usr/local/rvm/gems/ruby-2.1.0/specifications/dm-types-1.2.2.gemspec
I, [2014-02-03T14:11:14.185549 #2352]  INFO -- : 0:  dm-validations (1.2.0) from /usr/local/rvm/gems/ruby-2.1.0/specifications/dm-validations-1.2.0.gemspec
I, [2014-02-03T14:11:14.185874 #2352]  INFO -- : 0:  data_mapper (1.2.0) from /usr/local/rvm/gems/ruby-2.1.0/specifications/data_mapper-1.2.0.gemspec
I, [2014-02-03T14:11:14.186193 #2352]  INFO -- : 0:  data_objects (0.10.13) from /usr/local/rvm/gems/ruby-2.1.0/specifications/data_objects-0.10.13.gemspec
I, [2014-02-03T14:11:14.186529 #2352]  INFO -- : 0:  dm-do-adapter (1.2.0) from /usr/local/rvm/gems/ruby-2.1.0/specifications/dm-do-adapter-1.2.0.gemspec
I, [2014-02-03T14:11:14.186878 #2352]  INFO -- : 0:  do_sqlite3 (0.10.13) from /usr/local/rvm/gems/ruby-2.1.0/specifications/do_sqlite3-0.10.13.gemspec
I, [2014-02-03T14:11:14.187194 #2352]  INFO -- : 0:  dm-sqlite-adapter (1.2.0) from /usr/local/rvm/gems/ruby-2.1.0/specifications/dm-sqlite-adapter-1.2.0.gemspec
I, [2014-02-03T14:11:14.187523 #2352]  INFO -- : 0:  eventmachine (1.0.3) from /usr/local/rvm/gems/ruby-2.1.0/specifications/eventmachine-1.0.3.gemspec
I, [2014-02-03T14:11:14.187856 #2352]  INFO -- : 0:  rack (1.5.2) from /usr/local/rvm/gems/ruby-2.1.0/specifications/rack-1.5.2.gemspec
I, [2014-02-03T14:11:14.188137 #2352]  INFO -- : 0:  rack-protection (1.5.2) from /usr/local/rvm/gems/ruby-2.1.0/specifications/rack-protection-1.5.2.gemspec
I, [2014-02-03T14:11:14.188393 #2352]  INFO -- : 0:  rack-test (0.6.2) from /usr/local/rvm/gems/ruby-2.1.0/specifications/rack-test-0.6.2.gemspec
I, [2014-02-03T14:11:14.188635 #2352]  INFO -- : 0:  tilt (1.4.1) from /usr/local/rvm/gems/ruby-2.1.0/specifications/tilt-1.4.1.gemspec
I, [2014-02-03T14:11:14.507460 #2352]  INFO -- : 0:  sinatra (1.4.4) from /usr/local/rvm/gems/ruby-2.1.0/bundler/gems/sinatra-184fe58ca587/sinatra.gemspec
I, [2014-02-03T14:11:14.507857 #2352]  INFO -- : 0:  sinatra-contrib (1.4.2) from /usr/local/rvm/gems/ruby-2.1.0/specifications/sinatra-contrib-1.4.2.gemspec
I, [2014-02-03T14:11:14.509395 #2352]  INFO -- : 0:  sinatra-flash (0.3.0) from /usr/local/rvm/gems/ruby-2.1.0/specifications/sinatra-flash-0.3.0.gemspec
I, [2014-02-03T14:11:14.509686 #2352]  INFO -- : 0:  temple (0.6.7) from /usr/local/rvm/gems/ruby-2.1.0/specifications/temple-0.6.7.gemspec
I, [2014-02-03T14:11:14.509946 #2352]  INFO -- : 0:  slim (2.0.2) from /usr/local/rvm/gems/ruby-2.1.0/specifications/slim-2.0.2.gemspec
I, [2014-02-03T14:11:14.510185 #2352]  INFO -- : 0:  sqlite3 (1.3.8) from /usr/local/rvm/gems/ruby-2.1.0/specifications/sqlite3-1.3.8.gemspec
I, [2014-02-03T14:11:14.510426 #2352]  INFO -- : 0:  thin (1.6.1) from /usr/local/rvm/gems/ruby-2.1.0/specifications/thin-1.6.1.gemspec
I, [2014-02-03T14:11:14.510697 #2352]  INFO -- : 0:  bundler (1.5.1) from /usr/local/rvm/gems/ruby-2.1.0@global/specifications/bundler-1.5.1.gemspec
